{
  "stats": {
    "suites": 1,
    "tests": 1,
    "passes": 0,
    "pending": 0,
    "failures": 1,
    "start": "2025-01-17T06:20:07.605Z",
    "end": "2025-01-17T06:20:16.837Z",
    "duration": 9232,
    "testsRegistered": 1,
    "passPercent": 0,
    "pendingPercent": 0,
    "other": 0,
    "hasOther": false,
    "skipped": 0,
    "hasSkipped": false
  },
  "results": [
    {
      "uuid": "b1d35a1c-8f86-437d-8a77-5282b7ab28c6",
      "title": "",
      "fullFile": "cypress\\e2e\\assignment\\17012025\\fileUpload.cy.js",
      "file": "cypress\\e2e\\assignment\\17012025\\fileUpload.cy.js",
      "beforeHooks": [],
      "afterHooks": [],
      "tests": [],
      "suites": [
        {
          "uuid": "66600ab8-66e8-491a-94ea-46faf8ce90d8",
          "title": "File Upload Test",
          "fullFile": "",
          "file": "",
          "beforeHooks": [],
          "afterHooks": [],
          "tests": [
            {
              "title": "Uploads a file successfully",
              "fullTitle": "File Upload Test Uploads a file successfully",
              "timedOut": null,
              "duration": 6489,
              "state": "failed",
              "speed": null,
              "pass": false,
              "fail": true,
              "pending": false,
              "context": null,
              "code": "// Visit the file upload page\ncy.visit('https://practice.expandtesting.com/upload');\n// Define the file path (relative to the cypress/fixtures folder)\nconst filePath = 'testUploadFile.txt'; // Ensure this file is inside the 'cypress/fixtures' folder\n// Verify file content before upload (optional)\ncy.readFile(`cypress/fixtures/${filePath}`).should('exist').and('include', 'testUploadFile');\n// Upload the file\ncy.get('input[type=\"file\"]').selectFile(`cypress/fixtures/${filePath}`);\n// Submit the upload (if there's a button to submit)\ncy.get('button[type=\"submit\"]').click();\n// Verify the upload success message or behavior\ncy.contains('File uploaded successfully').should('be.visible');",
              "err": {
                "message": "AssertionError: Timed out retrying after 4000ms: expected '' to include 'testUploadFile'",
                "estack": "AssertionError: Timed out retrying after 4000ms: expected '' to include 'testUploadFile'\n    at Context.eval (webpack://cypress-demo/./cypress/e2e/assignment/17012025/fileUpload.cy.js:19:66)",
                "diff": null
              },
              "uuid": "e336c59e-1671-4ba1-b67d-3b0c283cec57",
              "parentUUID": "66600ab8-66e8-491a-94ea-46faf8ce90d8",
              "isHook": false,
              "skipped": false
            }
          ],
          "suites": [],
          "passes": [],
          "failures": [
            "e336c59e-1671-4ba1-b67d-3b0c283cec57"
          ],
          "pending": [],
          "skipped": [],
          "duration": 6489,
          "root": false,
          "rootEmpty": false,
          "_timeout": 2000
        }
      ],
      "passes": [],
      "failures": [],
      "pending": [],
      "skipped": [],
      "duration": 0,
      "root": true,
      "rootEmpty": true,
      "_timeout": 2000
    }
  ],
  "meta": {
    "mocha": {
      "version": "7.0.1"
    },
    "mochawesome": {
      "options": {
        "quiet": false,
        "reportFilename": "mochawesome",
        "saveHtml": true,
        "saveJson": true,
        "consoleReporter": "spec",
        "useInlineDiffs": false,
        "code": true
      },
      "version": "7.1.3"
    },
    "marge": {
      "options": {
        "reportDir": "cypress/reports",
        "overwrite": false,
        "html": true,
        "json": true,
        "embeddedScreenshots": true,
        "inlineAssets": true
      },
      "version": "6.2.0"
    }
  }
}