{
  "stats": {
    "suites": 1,
    "tests": 1,
    "passes": 0,
    "pending": 0,
    "failures": 1,
    "start": "2025-01-17T06:17:46.435Z",
    "end": "2025-01-17T06:17:57.536Z",
    "duration": 11101,
    "testsRegistered": 1,
    "passPercent": 0,
    "pendingPercent": 0,
    "other": 0,
    "hasOther": false,
    "skipped": 0,
    "hasSkipped": false
  },
  "results": [
    {
      "uuid": "b4dc8ccf-23d9-4254-b503-94c94e0a6900",
      "title": "",
      "fullFile": "cypress\\e2e\\assignment\\17012025\\fileUpload.cy.js",
      "file": "cypress\\e2e\\assignment\\17012025\\fileUpload.cy.js",
      "beforeHooks": [],
      "afterHooks": [],
      "tests": [],
      "suites": [
        {
          "uuid": "486d96ee-3ceb-44d5-84e1-250dcad710b1",
          "title": "File Upload Test",
          "fullFile": "",
          "file": "",
          "beforeHooks": [],
          "afterHooks": [],
          "tests": [
            {
              "title": "Uploads a file successfully",
              "fullTitle": "File Upload Test Uploads a file successfully",
              "timedOut": null,
              "duration": 7774,
              "state": "failed",
              "speed": null,
              "pass": false,
              "fail": true,
              "pending": false,
              "context": null,
              "code": "// Visit the file upload page\ncy.visit('https://practice.expandtesting.com/upload');\n// Define the file path (relative to the cypress/fixtures folder)\nconst filePath = 'testUploadFile.txt'; // Ensure this file is inside the 'cypress/fixtures' folder\n// Verify file content before upload (optional)\ncy.readFile(`cypress/fixtures/${filePath}`).should('exist').and('include', 'sample text');\n// Upload the file\ncy.get('input[type=\"file\"]').selectFile(`cypress/fixtures/${filePath}`);\n// Submit the upload (if there's a button to submit)\ncy.get('button[type=\"submit\"]').click();\n// Verify the upload success message or behavior\ncy.contains('File uploaded successfully').should('be.visible');",
              "err": {
                "message": "AssertionError: Timed out retrying after 4000ms: `cy.readFile(\"cypress/fixtures/testUploadFile.txt\")` failed because the file does not exist at the following path:\n\n`C:\\Users\\user\\Documents\\Automation\\Cypress\\git-repo\\cypress\\cypress-demo\\cypress\\fixtures\\testUploadFile.txt`\n\nhttps://on.cypress.io/readfile",
                "estack": "AssertionError: Timed out retrying after 4000ms: `cy.readFile(\"cypress/fixtures/testUploadFile.txt\")` failed because the file does not exist at the following path:\n\n`C:\\Users\\user\\Documents\\Automation\\Cypress\\git-repo\\cypress\\cypress-demo\\cypress\\fixtures\\testUploadFile.txt`\n\nhttps://on.cypress.io/readfile\n    at Context.eval (webpack://cypress-demo/./cypress/e2e/assignment/17012025/fileUpload.cy.js:19:50)",
                "diff": null
              },
              "uuid": "e87669dd-1123-4339-941b-3fcd5565340b",
              "parentUUID": "486d96ee-3ceb-44d5-84e1-250dcad710b1",
              "isHook": false,
              "skipped": false
            }
          ],
          "suites": [],
          "passes": [],
          "failures": [
            "e87669dd-1123-4339-941b-3fcd5565340b"
          ],
          "pending": [],
          "skipped": [],
          "duration": 7774,
          "root": false,
          "rootEmpty": false,
          "_timeout": 2000
        }
      ],
      "passes": [],
      "failures": [],
      "pending": [],
      "skipped": [],
      "duration": 0,
      "root": true,
      "rootEmpty": true,
      "_timeout": 2000
    }
  ],
  "meta": {
    "mocha": {
      "version": "7.0.1"
    },
    "mochawesome": {
      "options": {
        "quiet": false,
        "reportFilename": "mochawesome",
        "saveHtml": true,
        "saveJson": true,
        "consoleReporter": "spec",
        "useInlineDiffs": false,
        "code": true
      },
      "version": "7.1.3"
    },
    "marge": {
      "options": {
        "reportDir": "cypress/reports",
        "overwrite": false,
        "html": true,
        "json": true,
        "embeddedScreenshots": true,
        "inlineAssets": true
      },
      "version": "6.2.0"
    }
  }
}