{
  "stats": {
    "suites": 1,
    "tests": 1,
    "passes": 0,
    "pending": 0,
    "failures": 1,
    "start": "2025-01-17T06:19:15.351Z",
    "end": "2025-01-17T06:19:24.862Z",
    "duration": 9511,
    "testsRegistered": 1,
    "passPercent": 0,
    "pendingPercent": 0,
    "other": 0,
    "hasOther": false,
    "skipped": 0,
    "hasSkipped": false
  },
  "results": [
    {
      "uuid": "1fe73793-bf7b-4779-a4ae-186fcfbc4025",
      "title": "",
      "fullFile": "cypress\\e2e\\assignment\\17012025\\fileUpload.cy.js",
      "file": "cypress\\e2e\\assignment\\17012025\\fileUpload.cy.js",
      "beforeHooks": [],
      "afterHooks": [],
      "tests": [],
      "suites": [
        {
          "uuid": "3384d37f-fab2-413a-a370-0a26f278427d",
          "title": "File Upload Test",
          "fullFile": "",
          "file": "",
          "beforeHooks": [],
          "afterHooks": [],
          "tests": [
            {
              "title": "Uploads a file successfully",
              "fullTitle": "File Upload Test Uploads a file successfully",
              "timedOut": null,
              "duration": 6718,
              "state": "failed",
              "speed": null,
              "pass": false,
              "fail": true,
              "pending": false,
              "context": null,
              "code": "// Visit the file upload page\ncy.visit('https://practice.expandtesting.com/upload');\n// Define the file path (relative to the cypress/fixtures folder)\nconst filePath = 'testUploadFile.txt'; // Ensure this file is inside the 'cypress/fixtures' folder\n// Verify file content before upload (optional)\ncy.readFile(`cypress/fixtures/${filePath}`).should('exist').and('include', 'sample text');\n// Upload the file\ncy.get('input[type=\"file\"]').selectFile(`cypress/fixtures/${filePath}`);\n// Submit the upload (if there's a button to submit)\ncy.get('button[type=\"submit\"]').click();\n// Verify the upload success message or behavior\ncy.contains('File uploaded successfully').should('be.visible');",
              "err": {
                "message": "AssertionError: Timed out retrying after 4000ms: expected '' to include 'sample text'",
                "estack": "AssertionError: Timed out retrying after 4000ms: expected '' to include 'sample text'\n    at Context.eval (webpack://cypress-demo/./cypress/e2e/assignment/17012025/fileUpload.cy.js:19:66)",
                "diff": null
              },
              "uuid": "83c21200-5c1e-4c01-8cc7-542e6cb50f34",
              "parentUUID": "3384d37f-fab2-413a-a370-0a26f278427d",
              "isHook": false,
              "skipped": false
            }
          ],
          "suites": [],
          "passes": [],
          "failures": [
            "83c21200-5c1e-4c01-8cc7-542e6cb50f34"
          ],
          "pending": [],
          "skipped": [],
          "duration": 6718,
          "root": false,
          "rootEmpty": false,
          "_timeout": 2000
        }
      ],
      "passes": [],
      "failures": [],
      "pending": [],
      "skipped": [],
      "duration": 0,
      "root": true,
      "rootEmpty": true,
      "_timeout": 2000
    }
  ],
  "meta": {
    "mocha": {
      "version": "7.0.1"
    },
    "mochawesome": {
      "options": {
        "quiet": false,
        "reportFilename": "mochawesome",
        "saveHtml": true,
        "saveJson": true,
        "consoleReporter": "spec",
        "useInlineDiffs": false,
        "code": true
      },
      "version": "7.1.3"
    },
    "marge": {
      "options": {
        "reportDir": "cypress/reports",
        "overwrite": false,
        "html": true,
        "json": true,
        "embeddedScreenshots": true,
        "inlineAssets": true
      },
      "version": "6.2.0"
    }
  }
}