{
  "stats": {
    "suites": 1,
    "tests": 1,
    "passes": 0,
    "pending": 0,
    "failures": 1,
    "start": "2025-01-17T06:16:02.366Z",
    "end": "2025-01-17T06:16:08.546Z",
    "duration": 6180,
    "testsRegistered": 1,
    "passPercent": 0,
    "pendingPercent": 0,
    "other": 0,
    "hasOther": false,
    "skipped": 0,
    "hasSkipped": false
  },
  "results": [
    {
      "uuid": "6c7d675b-52a8-47ae-9b3d-b05e39932888",
      "title": "",
      "fullFile": "cypress\\e2e\\assignment\\17012025\\fileUpload.cy.js",
      "file": "cypress\\e2e\\assignment\\17012025\\fileUpload.cy.js",
      "beforeHooks": [],
      "afterHooks": [],
      "tests": [],
      "suites": [
        {
          "uuid": "c45b548c-9959-4947-b534-f8949e554488",
          "title": "File Upload Test",
          "fullFile": "",
          "file": "",
          "beforeHooks": [],
          "afterHooks": [],
          "tests": [
            {
              "title": "Uploads a file successfully",
              "fullTitle": "File Upload Test Uploads a file successfully",
              "timedOut": null,
              "duration": 3137,
              "state": "failed",
              "speed": null,
              "pass": false,
              "fail": true,
              "pending": false,
              "context": null,
              "code": "// Visit the file upload page\ncy.visit('https://practice.expandtesting.com/upload');\n// Define the file path (relative to the cypress/fixtures folder)\nconst fileName = 'testUploadFile.txt';\n// Prepare the file in the fixtures folder\n// Place the 'testUploadFile.txt' file inside the cypress/fixtures folder\n// Upload the file\ncy.get('input[type=\"file\"]').attachFile(fileName);\n// Submit the upload (if there's a button to submit)\ncy.get('button[type=\"submit\"]').click();\n// Verify the upload success message or behavior\ncy.contains('File uploaded successfully').should('be.visible');",
              "err": {
                "message": "Error: A fixture file could not be found at any of the following paths:\n\n    > cypress\\fixtures\\testUploadFile.txt\n    > cypress\\fixtures\\testUploadFile.txt.[ext]\n\nCypress looked for these file extensions at the provided path:\n\n    > .json, .js, .coffee, .html, .txt, .csv, .png, .jpg, .jpeg, .gif, .tif, .tiff, .zip\n\nProvide a path to an existing fixture file.",
                "estack": "Error: A fixture file could not be found at any of the following paths:\n\n    > cypress\\fixtures\\testUploadFile.txt\n    > cypress\\fixtures\\testUploadFile.txt.[ext]\n\nCypress looked for these file extensions at the provided path:\n\n    > .json, .js, .coffee, .html, .txt, .csv, .png, .jpg, .jpeg, .gif, .tif, .tiff, .zip\n\nProvide a path to an existing fixture file.\n    at Object.<anonymous> (<embedded>:2771:115826)\n    at Object.tryCatcher (C:\\Users\\user\\AppData\\Local\\Cypress\\Cache\\13.17.0\\Cypress\\resources\\app\\node_modules\\bluebird\\js\\release\\util.js:16:23)\n    at Promise._settlePromiseFromHandler (C:\\Users\\user\\AppData\\Local\\Cypress\\Cache\\13.17.0\\Cypress\\resources\\app\\node_modules\\bluebird\\js\\release\\promise.js:512:31)\n    at Promise._settlePromise (C:\\Users\\user\\AppData\\Local\\Cypress\\Cache\\13.17.0\\Cypress\\resources\\app\\node_modules\\bluebird\\js\\release\\promise.js:569:18)\n    at Promise._settlePromise0 (C:\\Users\\user\\AppData\\Local\\Cypress\\Cache\\13.17.0\\Cypress\\resources\\app\\node_modules\\bluebird\\js\\release\\promise.js:614:10)\n    at Promise._settlePromises (C:\\Users\\user\\AppData\\Local\\Cypress\\Cache\\13.17.0\\Cypress\\resources\\app\\node_modules\\bluebird\\js\\release\\promise.js:694:18)\n    at Promise._fulfill (C:\\Users\\user\\AppData\\Local\\Cypress\\Cache\\13.17.0\\Cypress\\resources\\app\\node_modules\\bluebird\\js\\release\\promise.js:638:18)\n    at <unknown> (C:\\Users\\user\\AppData\\Local\\Cypress\\Cache\\13.17.0\\Cypress\\resources\\app\\node_modules\\bluebird\\js\\release\\nodeback.js:42:21)\n    at s (<embedded>:227:106085)\n    at T.<anonymous> (<embedded>:2771:105530)\n    at T.emit (node:events:514:28)\n    at T._finish (<embedded>:2771:106397)\n    at i (<embedded>:2771:105793)\n    at T._processSimple2 (<embedded>:2771:111554)\n    at <unknown> (<embedded>:2771:111407)\n    at T._stat2 (<embedded>:2771:112472)\n    at <unknown> (<embedded>:2771:112319)\n    at s (<embedded>:846:24236)\n    at s (<embedded>:227:106085)\n    at r (<embedded>:3031:13485)\n    at FSReqCallback.oncomplete (node:fs:210:21)",
                "diff": null
              },
              "uuid": "8b781123-b44e-4295-974e-5384bd08985c",
              "parentUUID": "c45b548c-9959-4947-b534-f8949e554488",
              "isHook": false,
              "skipped": false
            }
          ],
          "suites": [],
          "passes": [],
          "failures": [
            "8b781123-b44e-4295-974e-5384bd08985c"
          ],
          "pending": [],
          "skipped": [],
          "duration": 3137,
          "root": false,
          "rootEmpty": false,
          "_timeout": 2000
        }
      ],
      "passes": [],
      "failures": [],
      "pending": [],
      "skipped": [],
      "duration": 0,
      "root": true,
      "rootEmpty": true,
      "_timeout": 2000
    }
  ],
  "meta": {
    "mocha": {
      "version": "7.0.1"
    },
    "mochawesome": {
      "options": {
        "quiet": false,
        "reportFilename": "mochawesome",
        "saveHtml": true,
        "saveJson": true,
        "consoleReporter": "spec",
        "useInlineDiffs": false,
        "code": true
      },
      "version": "7.1.3"
    },
    "marge": {
      "options": {
        "reportDir": "cypress/reports",
        "overwrite": false,
        "html": true,
        "json": true,
        "embeddedScreenshots": true,
        "inlineAssets": true
      },
      "version": "6.2.0"
    }
  }
}